\BOOKMARK [0][-]{chapter.1}{\376\377\0001\000\040\0003\0008\0000\0002\000I\000C\000T}{}% 1
\BOOKMARK [0][-]{chapter.2}{\376\377\0002\000\040\000C\000l\000a\000s\000s\000\040\000I\000n\000d\000e\000x}{}% 2
\BOOKMARK [1][-]{section.2.1}{\376\377\0002\000.\0001\000\040\000C\000l\000a\000s\000s\000\040\000L\000i\000s\000t}{chapter.2}% 3
\BOOKMARK [0][-]{chapter.3}{\376\377\0003\000\040\000C\000l\000a\000s\000s\000\040\000D\000o\000c\000u\000m\000e\000n\000t\000a\000t\000i\000o\000n}{}% 4
\BOOKMARK [1][-]{section.3.1}{\376\377\0003\000.\0001\000\040\000c\000o\000l\000o\000u\000r\000\040\000S\000t\000r\000u\000c\000t\000\040\000R\000e\000f\000e\000r\000e\000n\000c\000e}{chapter.3}% 5
\BOOKMARK [2][-]{subsection.3.1.1}{\376\377\0003\000.\0001\000.\0001\000\040\000D\000e\000t\000a\000i\000l\000e\000d\000\040\000D\000e\000s\000c\000r\000i\000p\000t\000i\000o\000n}{section.3.1}% 6
\BOOKMARK [1][-]{section.3.2}{\376\377\0003\000.\0002\000\040\000m\000a\000t\000r\000i\000x\000\040\000C\000l\000a\000s\000s\000\040\000R\000e\000f\000e\000r\000e\000n\000c\000e}{chapter.3}% 7
\BOOKMARK [2][-]{subsection.3.2.1}{\376\377\0003\000.\0002\000.\0001\000\040\000C\000o\000n\000s\000t\000r\000u\000c\000t\000o\000r\000\040\000\046\000\040\000D\000e\000s\000t\000r\000u\000c\000t\000o\000r\000\040\000D\000o\000c\000u\000m\000e\000n\000t\000a\000t\000i\000o\000n}{section.3.2}% 8
\BOOKMARK [3][-]{subsubsection.3.2.1.1}{\376\377\0003\000.\0002\000.\0001\000.\0001\000\040\000m\000a\000t\000r\000i\000x\000\050\000\051\000\040\000[\0001\000/\0002\000]}{subsection.3.2.1}% 9
\BOOKMARK [3][-]{subsubsection.3.2.1.2}{\376\377\0003\000.\0002\000.\0001\000.\0002\000\040\000m\000a\000t\000r\000i\000x\000\050\000\051\000\040\000[\0002\000/\0002\000]}{subsection.3.2.1}% 10
\BOOKMARK [2][-]{subsection.3.2.2}{\376\377\0003\000.\0002\000.\0002\000\040\000M\000e\000m\000b\000e\000r\000\040\000F\000u\000n\000c\000t\000i\000o\000n\000\040\000D\000o\000c\000u\000m\000e\000n\000t\000a\000t\000i\000o\000n}{section.3.2}% 11
\BOOKMARK [3][-]{subsubsection.3.2.2.1}{\376\377\0003\000.\0002\000.\0002\000.\0001\000\040\000a\000d\000d\000\137\000v\000a\000l\000\050\000\051}{subsection.3.2.2}% 12
\BOOKMARK [3][-]{subsubsection.3.2.2.2}{\376\377\0003\000.\0002\000.\0002\000.\0002\000\040\000g\000e\000t\000\137\000c\000o\000l\000s\000\050\000\051}{subsection.3.2.2}% 13
\BOOKMARK [3][-]{subsubsection.3.2.2.3}{\376\377\0003\000.\0002\000.\0002\000.\0003\000\040\000g\000e\000t\000\137\000r\000o\000w\000s\000\050\000\051}{subsection.3.2.2}% 14
\BOOKMARK [3][-]{subsubsection.3.2.2.4}{\376\377\0003\000.\0002\000.\0002\000.\0004\000\040\000g\000e\000t\000\137\000v\000a\000l\000\050\000\051}{subsection.3.2.2}% 15
\BOOKMARK [3][-]{subsubsection.3.2.2.5}{\376\377\0003\000.\0002\000.\0002\000.\0005\000\040\000m\000u\000l\000t\000i\000p\000l\000y\000\050\000\051}{subsection.3.2.2}% 16
\BOOKMARK [3][-]{subsubsection.3.2.2.6}{\376\377\0003\000.\0002\000.\0002\000.\0006\000\040\000p\000r\000i\000n\000t\000\050\000\051}{subsection.3.2.2}% 17
\BOOKMARK [3][-]{subsubsection.3.2.2.7}{\376\377\0003\000.\0002\000.\0002\000.\0007\000\040\000s\000e\000t\000\137\000c\000o\000l\000\050\000\051}{subsection.3.2.2}% 18
\BOOKMARK [3][-]{subsubsection.3.2.2.8}{\376\377\0003\000.\0002\000.\0002\000.\0008\000\040\000s\000e\000t\000\137\000r\000o\000w\000\050\000\051}{subsection.3.2.2}% 19
\BOOKMARK [3][-]{subsubsection.3.2.2.9}{\376\377\0003\000.\0002\000.\0002\000.\0009\000\040\000s\000e\000t\000\137\000u\000p\000\137\000t\000r\000a\000n\000s\000f\000o\000r\000m\000a\000t\000i\000o\000n\000\050\000\051}{subsection.3.2.2}% 20
\BOOKMARK [3][-]{subsubsection.3.2.2.10}{\376\377\0003\000.\0002\000.\0002\000.\0001\0000\000\040\000s\000e\000t\000\137\000v\000a\000l\000\050\000\051}{subsection.3.2.2}% 21
\BOOKMARK [1][-]{section.3.3}{\376\377\0003\000.\0003\000\040\000p\000o\000i\000n\000t\000\040\000S\000t\000r\000u\000c\000t\000\040\000R\000e\000f\000e\000r\000e\000n\000c\000e}{chapter.3}% 22
\BOOKMARK [2][-]{subsection.3.3.1}{\376\377\0003\000.\0003\000.\0001\000\040\000D\000e\000t\000a\000i\000l\000e\000d\000\040\000D\000e\000s\000c\000r\000i\000p\000t\000i\000o\000n}{section.3.3}% 23
\BOOKMARK [1][-]{section.3.4}{\376\377\0003\000.\0004\000\040\000P\000o\000l\000y\000g\000o\000n\000\040\000C\000l\000a\000s\000s\000\040\000R\000e\000f\000e\000r\000e\000n\000c\000e}{chapter.3}% 24
\BOOKMARK [2][-]{subsection.3.4.1}{\376\377\0003\000.\0004\000.\0001\000\040\000C\000o\000n\000s\000t\000r\000u\000c\000t\000o\000r\000\040\000\046\000\040\000D\000e\000s\000t\000r\000u\000c\000t\000o\000r\000\040\000D\000o\000c\000u\000m\000e\000n\000t\000a\000t\000i\000o\000n}{section.3.4}% 25
\BOOKMARK [3][-]{subsubsection.3.4.1.1}{\376\377\0003\000.\0004\000.\0001\000.\0001\000\040\000P\000o\000l\000y\000g\000o\000n\000\050\000\051\000\040\000[\0001\000/\0003\000]}{subsection.3.4.1}% 26
\BOOKMARK [3][-]{subsubsection.3.4.1.2}{\376\377\0003\000.\0004\000.\0001\000.\0002\000\040\000P\000o\000l\000y\000g\000o\000n\000\050\000\051\000\040\000[\0002\000/\0003\000]}{subsection.3.4.1}% 27
\BOOKMARK [3][-]{subsubsection.3.4.1.3}{\376\377\0003\000.\0004\000.\0001\000.\0003\000\040\000P\000o\000l\000y\000g\000o\000n\000\050\000\051\000\040\000[\0003\000/\0003\000]}{subsection.3.4.1}% 28
\BOOKMARK [2][-]{subsection.3.4.2}{\376\377\0003\000.\0004\000.\0002\000\040\000M\000e\000m\000b\000e\000r\000\040\000F\000u\000n\000c\000t\000i\000o\000n\000\040\000D\000o\000c\000u\000m\000e\000n\000t\000a\000t\000i\000o\000n}{section.3.4}% 29
\BOOKMARK [3][-]{subsubsection.3.4.2.1}{\376\377\0003\000.\0004\000.\0002\000.\0001\000\040\000a\000d\000d\000i\000t\000i\000v\000e\000\137\000r\000o\000t\000a\000t\000e\000\050\000\051}{subsection.3.4.2}% 30
\BOOKMARK [3][-]{subsubsection.3.4.2.2}{\376\377\0003\000.\0004\000.\0002\000.\0002\000\040\000a\000d\000d\000i\000t\000i\000v\000e\000\137\000t\000r\000a\000n\000s\000l\000a\000t\000e\000\050\000\051}{subsection.3.4.2}% 31
\BOOKMARK [3][-]{subsubsection.3.4.2.3}{\376\377\0003\000.\0004\000.\0002\000.\0003\000\040\000c\000h\000a\000n\000g\000e\000\137\000p\000o\000i\000n\000t\000s\000\050\000\051}{subsection.3.4.2}% 32
\BOOKMARK [3][-]{subsubsection.3.4.2.4}{\376\377\0003\000.\0004\000.\0002\000.\0004\000\040\000d\000r\000a\000w\000\050\000\051}{subsection.3.4.2}% 33
\BOOKMARK [3][-]{subsubsection.3.4.2.5}{\376\377\0003\000.\0004\000.\0002\000.\0005\000\040\000f\000i\000n\000d\000\137\000b\000o\000t\000t\000o\000m\000\137\000r\000i\000g\000h\000t\000\137\000p\000o\000i\000n\000t\000\050\000\051}{subsection.3.4.2}% 34
\BOOKMARK [3][-]{subsubsection.3.4.2.6}{\376\377\0003\000.\0004\000.\0002\000.\0006\000\040\000f\000i\000n\000d\000\137\000t\000o\000p\000\137\000l\000e\000f\000t\000\137\000p\000o\000i\000n\000t\000\050\000\051}{subsection.3.4.2}% 35
\BOOKMARK [3][-]{subsubsection.3.4.2.7}{\376\377\0003\000.\0004\000.\0002\000.\0007\000\040\000r\000o\000t\000a\000t\000e\000\050\000\051}{subsection.3.4.2}% 36
\BOOKMARK [3][-]{subsubsection.3.4.2.8}{\376\377\0003\000.\0004\000.\0002\000.\0008\000\040\000s\000a\000v\000e\000\137\000t\000r\000a\000n\000s\000f\000o\000r\000m\000a\000t\000i\000o\000n\000\050\000\051}{subsection.3.4.2}% 37
\BOOKMARK [3][-]{subsubsection.3.4.2.9}{\376\377\0003\000.\0004\000.\0002\000.\0009\000\040\000s\000c\000a\000l\000e\000\050\000\051}{subsection.3.4.2}% 38
\BOOKMARK [3][-]{subsubsection.3.4.2.10}{\376\377\0003\000.\0004\000.\0002\000.\0001\0000\000\040\000s\000e\000t\000\137\000c\000o\000l\000o\000u\000r\000\050\000\051}{subsection.3.4.2}% 39
\BOOKMARK [3][-]{subsubsection.3.4.2.11}{\376\377\0003\000.\0004\000.\0002\000.\0001\0001\000\040\000t\000r\000a\000n\000s\000l\000a\000t\000e\000\050\000\051}{subsection.3.4.2}% 40
\BOOKMARK [3][-]{subsubsection.3.4.2.12}{\376\377\0003\000.\0004\000.\0002\000.\0001\0002\000\040\000u\000n\000d\000o\000\137\000t\000r\000a\000n\000s\000f\000o\000r\000m\000a\000t\000i\000o\000n\000\050\000\051}{subsection.3.4.2}% 41
\BOOKMARK [1][-]{section.3.5}{\376\377\0003\000.\0005\000\040\000r\000e\000c\000t\000a\000n\000g\000l\000e\000\040\000S\000t\000r\000u\000c\000t\000\040\000R\000e\000f\000e\000r\000e\000n\000c\000e}{chapter.3}% 42
\BOOKMARK [2][-]{subsection.3.5.1}{\376\377\0003\000.\0005\000.\0001\000\040\000D\000e\000t\000a\000i\000l\000e\000d\000\040\000D\000e\000s\000c\000r\000i\000p\000t\000i\000o\000n}{section.3.5}% 43
\BOOKMARK [1][-]{section.3.6}{\376\377\0003\000.\0006\000\040\000T\000e\000x\000t\000\040\000C\000l\000a\000s\000s\000\040\000R\000e\000f\000e\000r\000e\000n\000c\000e}{chapter.3}% 44
\BOOKMARK [2][-]{subsection.3.6.1}{\376\377\0003\000.\0006\000.\0001\000\040\000C\000o\000n\000s\000t\000r\000u\000c\000t\000o\000r\000\040\000\046\000\040\000D\000e\000s\000t\000r\000u\000c\000t\000o\000r\000\040\000D\000o\000c\000u\000m\000e\000n\000t\000a\000t\000i\000o\000n}{section.3.6}% 45
\BOOKMARK [3][-]{subsubsection.3.6.1.1}{\376\377\0003\000.\0006\000.\0001\000.\0001\000\040\000T\000e\000x\000t\000\050\000\051}{subsection.3.6.1}% 46
\BOOKMARK [2][-]{subsection.3.6.2}{\376\377\0003\000.\0006\000.\0002\000\040\000M\000e\000m\000b\000e\000r\000\040\000F\000u\000n\000c\000t\000i\000o\000n\000\040\000D\000o\000c\000u\000m\000e\000n\000t\000a\000t\000i\000o\000n}{section.3.6}% 47
\BOOKMARK [3][-]{subsubsection.3.6.2.1}{\376\377\0003\000.\0006\000.\0002\000.\0001\000\040\000d\000r\000a\000w\000\050\000\051}{subsection.3.6.2}% 48
\BOOKMARK [3][-]{subsubsection.3.6.2.2}{\376\377\0003\000.\0006\000.\0002\000.\0002\000\040\000u\000p\000d\000a\000t\000e\000\137\000t\000e\000x\000t\000\050\000\051}{subsection.3.6.2}% 49
\BOOKMARK [1][-]{section.3.7}{\376\377\0003\000.\0007\000\040\000v\000e\000l\000o\000c\000i\000t\000y\000\040\000S\000t\000r\000u\000c\000t\000\040\000R\000e\000f\000e\000r\000e\000n\000c\000e}{chapter.3}% 50
\BOOKMARK [2][-]{subsection.3.7.1}{\376\377\0003\000.\0007\000.\0001\000\040\000D\000e\000t\000a\000i\000l\000e\000d\000\040\000D\000e\000s\000c\000r\000i\000p\000t\000i\000o\000n}{section.3.7}% 51
\BOOKMARK [0][-]{section*.10}{\376\377\000I\000n\000d\000e\000x}{}% 52
